<?xml version="1.0" encoding="UTF-8"?>
<!-- Generated by org.testng.reporters.JUnitXMLReporter -->
<testsuite ignored="0" hostname="DESKTOP-KDINAET" failures="0" tests="4" name="Default test" time="0.149" errors="0" timestamp="2021-02-27T11:23:18 IST">
  <testcase classname="com.csg.tau.TestProject.SeleniumJan.dependsonTEstNG" name="paras" time="0.026"/>
  <testcase classname="com.csg.tau.TestProject.SeleniumJan.dependsonTEstNG" name="priyanka" time="0.003"/>
  <testcase classname="com.csg.tau.TestProject.SeleniumJan.dependsonTEstNG" name="vanadana" time="0.003"/>
  <testcase classname="com.csg.tau.TestProject.SeleniumJan.dependsonTEstNG" name="ajay" time="0.005"/>
</testsuite> <!-- Default test -->
