<?xml version="1.0" encoding="UTF-8"?>
<testng-results skipped="0" failed="0" ignored="0" total="1" passed="1">
  <reporter-output>
  </reporter-output>
  <suite name="Default suite" duration-ms="24977" started-at="2021-02-28T05:30:58Z" finished-at="2021-02-28T05:31:23Z">
    <groups>
    </groups>
    <test name="Default test" duration-ms="24977" started-at="2021-02-28T05:30:58Z" finished-at="2021-02-28T05:31:23Z">
      <class name="com.csg.tau.TestProject.SeleniumJan.ActionsDemo">
        <test-method status="PASS" signature="ActionsTest()[pri:0, instance:com.csg.tau.TestProject.SeleniumJan.ActionsDemo@59f99ea]" name="ActionsTest" duration-ms="24879" started-at="2021-02-28T05:30:58Z" finished-at="2021-02-28T05:31:23Z">
          <reporter-output>
          </reporter-output>
        </test-method> <!-- ActionsTest -->
      </class> <!-- com.csg.tau.TestProject.SeleniumJan.ActionsDemo -->
    </test> <!-- Default test -->
  </suite> <!-- Default suite -->
</testng-results>
