<?xml version="1.0" encoding="UTF-8"?>
<testng-results skipped="0" failed="0" total="2" passed="2">
  <reporter-output>
  </reporter-output>
  <suite name="Suite" duration-ms="49708" started-at="2021-02-28T05:09:03Z" finished-at="2021-02-28T05:09:53Z">
    <groups>
    </groups>
    <test name="RegressionTest" duration-ms="49708" started-at="2021-02-28T05:09:03Z" finished-at="2021-02-28T05:09:53Z">
      <class name="com.csg.tau.TestProject.SeleniumJan.DemoAlerts">
        <test-method status="PASS" signature="homePage()[pri:0, instance:com.csg.tau.TestProject.SeleniumJan.DemoAlerts@3ac3fd8b]" name="homePage" duration-ms="49682" started-at="2021-02-28T10:39:03Z" finished-at="2021-02-28T10:39:53Z">
          <reporter-output>
          </reporter-output>
        </test-method> <!-- homePage -->
      </class> <!-- com.csg.tau.TestProject.SeleniumJan.DemoAlerts -->
      <class name="com.csg.tau.TestProject.SeleniumJan.SwitchWindow">
        <test-method status="PASS" signature="homePage()[pri:0, instance:com.csg.tau.TestProject.SeleniumJan.SwitchWindow@19dfb72a]" name="homePage" duration-ms="39359" started-at="2021-02-28T10:39:03Z" finished-at="2021-02-28T10:39:43Z">
          <reporter-output>
          </reporter-output>
        </test-method> <!-- homePage -->
      </class> <!-- com.csg.tau.TestProject.SeleniumJan.SwitchWindow -->
    </test> <!-- RegressionTest -->
  </suite> <!-- Suite -->
</testng-results>
