<?xml version="1.0" encoding="UTF-8"?>
<testng-results ignored="0" total="4" passed="4" failed="0" skipped="0">
  <reporter-output>
  </reporter-output>
  <suite started-at="2021-02-27T11:23:17 IST" name="Default suite" finished-at="2021-02-27T11:23:18 IST" duration-ms="149">
    <groups>
      <group name="login">
        <method signature="dependsonTEstNG.paras()[pri:0, instance:com.csg.tau.TestProject.SeleniumJan.dependsonTEstNG@37918c79]" name="paras" class="com.csg.tau.TestProject.SeleniumJan.dependsonTEstNG"/>
        <method signature="dependsonTEstNG.priyanka()[pri:0, instance:com.csg.tau.TestProject.SeleniumJan.dependsonTEstNG@37918c79]" name="priyanka" class="com.csg.tau.TestProject.SeleniumJan.dependsonTEstNG"/>
      </group> <!-- login -->
    </groups>
    <test started-at="2021-02-27T11:23:17 IST" name="Default test" finished-at="2021-02-27T11:23:18 IST" duration-ms="149">
      <class name="com.csg.tau.TestProject.SeleniumJan.dependsonTEstNG">
        <test-method signature="paras()[pri:0, instance:com.csg.tau.TestProject.SeleniumJan.dependsonTEstNG@37918c79]" started-at="2021-02-27T11:23:18 IST" name="paras" finished-at="2021-02-27T11:23:18 IST" duration-ms="26" status="PASS">
          <reporter-output>
          </reporter-output>
        </test-method> <!-- paras -->
        <test-method signature="priyanka()[pri:0, instance:com.csg.tau.TestProject.SeleniumJan.dependsonTEstNG@37918c79]" started-at="2021-02-27T11:23:18 IST" name="priyanka" finished-at="2021-02-27T11:23:18 IST" duration-ms="3" status="PASS">
          <reporter-output>
          </reporter-output>
        </test-method> <!-- priyanka -->
        <test-method signature="vanadana()[pri:0, instance:com.csg.tau.TestProject.SeleniumJan.dependsonTEstNG@37918c79]" started-at="2021-02-27T11:23:18 IST" name="vanadana" finished-at="2021-02-27T11:23:18 IST" duration-ms="3" status="PASS">
          <reporter-output>
          </reporter-output>
        </test-method> <!-- vanadana -->
        <test-method signature="ajay()[pri:0, instance:com.csg.tau.TestProject.SeleniumJan.dependsonTEstNG@37918c79]" started-at="2021-02-27T11:23:18 IST" name="ajay" depends-on-groups="login" finished-at="2021-02-27T11:23:18 IST" duration-ms="5" status="PASS">
          <reporter-output>
          </reporter-output>
        </test-method> <!-- ajay -->
      </class> <!-- com.csg.tau.TestProject.SeleniumJan.dependsonTEstNG -->
    </test> <!-- Default test -->
  </suite> <!-- Default suite -->
</testng-results>
