<?xml version="1.0" encoding="UTF-8"?>
<!-- Generated by org.testng.reporters.JUnitXMLReporter -->
<testsuite hostname="Paras" ignored="0" name="RegressionTest" tests="4" failures="0" timestamp="27 Feb 2021 05:31:47 GMT" time="236.543" errors="0">
  <testcase name="homePage" time="129.174" classname="com.csg.tau.TestProject.SeleniumJan.demoautomated"/>
  <testcase name="homePage" time="219.887" classname="com.csg.tau.TestProject.SeleniumJan.DemoNewTours"/>
  <testcase name="homePage" time="234.886" classname="com.csg.tau.TestProject.SeleniumJan.DemoAlerts"/>
  <testcase name="homePage" time="236.44" classname="com.csg.tau.TestProject.SeleniumJan.SwitchWindow"/>
</testsuite> <!-- RegressionTest -->
